19:47:24.524 [main] DEBUG netcracker.ec.service.RealLifeEmulator - buy: AnimalImpl{name='Leny', breed='angolan', cost=81, character='pretty', litteringDegree='0'}
19:47:27.530 [main] DEBUG netcracker.ec.service.RealLifeEmulator - sell: AnimalImpl{name='Yeah Boy', breed='guppie', cost=78, character='aggressive', litteringDegree='8'}
19:47:28.531 [main] DEBUG netcracker.ec.service.RealLifeEmulator - buy: AnimalImpl{name='Boomer', breed='desert', cost=19, character='affectionate', litteringDegree='0'}
19:47:30.531 [main] DEBUG netcracker.ec.service.RealLifeEmulator - sell: AnimalImpl{name='Chewy', breed='neon tetra', cost=31, character='clever', litteringDegree='34'}
19:47:31.531 [main] DEBUG netcracker.ec.service.RealLifeEmulator - buy: AnimalImpl{name='April', breed='florida white', cost=97, character='neat', litteringDegree='0'}
19:47:33.531 [main] DEBUG netcracker.ec.service.RealLifeEmulator - run away: AnimalImpl{name='Yeah Boy', breed='eastern grey', cost=60, character='aggressive', litteringDegree='48'}
19:49:17.347 [main] DEBUG netcracker.ec.service.RealLifeEmulator - buy: AnimalImpl{name='John', breed='desert', cost=18, character='stupid', litteringDegree='0'}
19:49:20.352 [main] DEBUG netcracker.ec.service.RealLifeEmulator - run away: AnimalImpl{name='Yeah Boy', breed='guppie', cost=78, character='aggressive', litteringDegree='74'}
19:49:21.352 [main] DEBUG netcracker.ec.service.RealLifeEmulator - buy: AnimalImpl{name='Blondie', breed='southern African', cost=71, character='affectionate', litteringDegree='0'}
00:26:50.707 [main] DEBUG netcracker.ec.service.RealLifeEmulator - sell: AnimalImpl{name='Yeah Boy', breed='eastern grey', cost=60, character='aggressive', litteringDegree='48'}
01:30:06.563 [main] DEBUG netcracker.ec.service.RealLifeEmulator - buy: AnimalImpl{name='Shaggy', breed='desert', cost=4, character='stupid', litteringDegree='0'}
01:44:27.955 [main] DEBUG netcracker.ec.service.RealLifeEmulator - buy: AnimalImpl{name='Captain', breed='neon tetra', cost=48, character='pretty', litteringDegree='0'}
01:44:29.959 [main] DEBUG netcracker.ec.service.RealLifeEmulator - buy: AnimalImpl{name='Leny', breed='holland lop', cost=41, character='stupid', litteringDegree='0'}
01:44:32.960 [main] DEBUG netcracker.ec.service.RealLifeEmulator - run away: AnimalImpl{name='Yeah Boy', breed='guppie', cost=78, character='aggressive', litteringDegree='28'}
01:44:36.960 [main] DEBUG netcracker.ec.service.RealLifeEmulator - run away: AnimalImpl{name='Captain', breed='neon tetra', cost=48, character='pretty', litteringDegree='55'}
01:44:37.960 [main] DEBUG netcracker.ec.service.RealLifeEmulator - buy: AnimalImpl{name='Blondie', breed='cherry barb', cost=98, character='aggressive', litteringDegree='0'}
01:45:27.271 [main] DEBUG netcracker.ec.service.RealLifeEmulator - run away: AnimalImpl{name='Chewy', breed='neon tetra', cost=31, character='clever', litteringDegree='0'}
01:45:28.276 [main] DEBUG netcracker.ec.service.RealLifeEmulator - sell: AnimalImpl{name='Yeah Boy', breed='eastern grey', cost=60, character='aggressive', litteringDegree='61'}
01:45:31.276 [main] DEBUG netcracker.ec.service.RealLifeEmulator - sell: AnimalImpl{name='Yeah Boy', breed='guppie', cost=78, character='aggressive', litteringDegree='72'}
01:45:33.276 [main] DEBUG netcracker.ec.service.RealLifeEmulator - buy: AnimalImpl{name='Yeah Boy', breed='florida white', cost=20, character='clever', litteringDegree='0'}
01:45:34.276 [main] DEBUG netcracker.ec.service.RealLifeEmulator - buy: AnimalImpl{name='Boomer', breed='neon tetra', cost=17, character='pretty', litteringDegree='0'}
01:45:37.276 [main] DEBUG netcracker.ec.service.RealLifeEmulator - buy: AnimalImpl{name='April', breed='american fuzzy lop', cost=84, character='clever', litteringDegree='0'}
01:45:39.276 [main] DEBUG netcracker.ec.service.RealLifeEmulator - buy: AnimalImpl{name='Junior', breed='southern African', cost=99, character='aggressive', litteringDegree='0'}
01:45:40.276 [main] DEBUG netcracker.ec.service.RealLifeEmulator - buy: AnimalImpl{name='ITSY-BITSY', breed='southern African', cost=67, character='brave', litteringDegree='0'}
02:02:19.311 [main] DEBUG netcracker.ec.service.RealLifeEmulator - buy: AnimalImpl{name='ITSY-BITSY', breed='guppie', cost=71, character='neat', litteringDegree='0'}
02:03:44.638 [main] DEBUG netcracker.ec.service.RealLifeEmulator - buy: AnimalImpl{name='Junior', breed='desert', cost=28, character='affectionate', litteringDegree='0'}
02:03:46.644 [main] DEBUG netcracker.ec.service.RealLifeEmulator - sell: AnimalImpl{name='Chewy', breed='neon tetra', cost=31, character='clever', litteringDegree='6'}
02:03:47.644 [main] DEBUG netcracker.ec.service.RealLifeEmulator - buy: AnimalImpl{name='Blondie', breed='neon tetra', cost=30, character='stupid', litteringDegree='0'}
02:03:48.645 [main] DEBUG netcracker.ec.service.RealLifeEmulator - run away: AnimalImpl{name='Junior', breed='desert', cost=28, character='affectionate', litteringDegree='0'}
02:03:51.645 [main] DEBUG netcracker.ec.service.RealLifeEmulator - buy: AnimalImpl{name='Captain', breed='guppie', cost=50, character='pretty', litteringDegree='0'}
02:03:52.645 [main] DEBUG netcracker.ec.service.RealLifeEmulator - buy: AnimalImpl{name='Magic', breed='western grey', cost=72, character='brave', litteringDegree='0'}
02:03:54.645 [main] DEBUG netcracker.ec.service.RealLifeEmulator - sell: AnimalImpl{name='Yeah Boy', breed='guppie', cost=78, character='aggressive', litteringDegree='42'}
02:03:56.645 [main] DEBUG netcracker.ec.service.RealLifeEmulator - sell: AnimalImpl{name='Magic', breed='western grey', cost=72, character='brave', litteringDegree='1'}
02:04:04.119 [main] DEBUG netcracker.ec.service.RealLifeEmulator - run away: AnimalImpl{name='Chewy', breed='neon tetra', cost=31, character='clever', litteringDegree='0'}
02:04:05.124 [main] DEBUG netcracker.ec.service.RealLifeEmulator - run away: AnimalImpl{name='Yeah Boy', breed='guppie', cost=78, character='aggressive', litteringDegree='0'}
02:05:09.339 [main] DEBUG netcracker.ec.service.RealLifeEmulator - buy: AnimalImpl{name='Yeah Boy', breed='red', cost=18, character='pretty', litteringDegree='0'}
02:05:10.347 [main] DEBUG netcracker.ec.service.RealLifeEmulator - buy: AnimalImpl{name='Yeah Boy', breed='desert', cost=26, character='clever', litteringDegree='0'}
02:05:12.347 [main] DEBUG netcracker.ec.service.RealLifeEmulator - buy: AnimalImpl{name='Chewy', breed='guppie', cost=45, character='neat', litteringDegree='0'}
02:05:13.347 [main] DEBUG netcracker.ec.service.RealLifeEmulator - run away: AnimalImpl{name='Yeah Boy', breed='eastern grey', cost=60, character='aggressive', litteringDegree='0'}
02:09:44.674 [main] DEBUG netcracker.ec.service.RealLifeEmulator - buy: AnimalImpl{name='April', breed='southern African', cost=14, character='affectionate', litteringDegree='0'}
02:09:45.679 [main] DEBUG netcracker.ec.service.RealLifeEmulator - sell: AnimalImpl{name='April', breed='southern African', cost=14, character='affectionate', litteringDegree='42'}
02:15:18.458 [main] DEBUG netcracker.ec.service.RealLifeEmulator - buy: AnimalImpl{name='Magic', breed='american fuzzy lop', cost=77, character='aggressive', litteringDegree='0'}
02:15:19.462 [main] DEBUG netcracker.ec.service.RealLifeEmulator - sell: AnimalImpl{name='Yeah Boy', breed='guppie', cost=78, character='aggressive', litteringDegree='41'}
02:15:48.551 [main] DEBUG netcracker.ec.service.RealLifeEmulator - run away: AnimalImpl{name='Chewy', breed='neon tetra', cost=31, character='clever', litteringDegree='64'}
02:15:49.556 [main] DEBUG netcracker.ec.service.RealLifeEmulator - buy: AnimalImpl{name='Blondie', breed='southern African', cost=96, character='clever', litteringDegree='0'}
02:16:17.377 [main] DEBUG netcracker.ec.service.RealLifeEmulator - buy: AnimalImpl{name='John', breed='florida white', cost=89, character='brave', litteringDegree='0'}
02:16:18.382 [main] DEBUG netcracker.ec.service.RealLifeEmulator - buy: AnimalImpl{name='Cooper', breed='angolan', cost=81, character='neat', litteringDegree='0'}
02:16:19.382 [main] DEBUG netcracker.ec.service.RealLifeEmulator - run away: AnimalImpl{name='Chewy', breed='neon tetra', cost=31, character='clever', litteringDegree='38'}
02:16:48.929 [main] DEBUG netcracker.ec.service.RealLifeEmulator - run away: AnimalImpl{name='Yeah Boy', breed='guppie', cost=78, character='aggressive', litteringDegree='0'}
02:16:49.933 [main] DEBUG netcracker.ec.service.RealLifeEmulator - run away: AnimalImpl{name='Yeah Boy', breed='eastern grey', cost=60, character='aggressive', litteringDegree='39'}
02:16:50.933 [main] DEBUG netcracker.ec.service.RealLifeEmulator - sell: AnimalImpl{name='Chewy', breed='neon tetra', cost=31, character='clever', litteringDegree='33'}
02:18:50.819 [main] DEBUG netcracker.ec.service.RealLifeEmulator - run away: AnimalImpl{name='Chewy', breed='neon tetra', cost=31, character='clever', litteringDegree='0'}
02:18:53.823 [main] DEBUG netcracker.ec.service.RealLifeEmulator - sell: AnimalImpl{name='Yeah Boy', breed='eastern grey', cost=60, character='aggressive', litteringDegree='14'}
02:18:54.823 [main] DEBUG netcracker.ec.service.RealLifeEmulator - buy: AnimalImpl{name='ITSY-BITSY', breed='desert', cost=96, character='stupid', litteringDegree='0'}
02:18:56.824 [main] DEBUG netcracker.ec.service.RealLifeEmulator - buy: AnimalImpl{name='Yeah Boy', breed='neon tetra', cost=15, character='aggressive', litteringDegree='0'}
02:25:31.014 [main] DEBUG netcracker.ec.service.RealLifeEmulator - buy: AnimalImpl{name='Leny', breed='red', cost=38, character='clever', litteringDegree='0'}
02:25:33.024 [main] DEBUG netcracker.ec.service.RealLifeEmulator - buy: AnimalImpl{name='John', breed='western grey', cost=86, character='brave', litteringDegree='0'}
02:25:34.024 [main] DEBUG netcracker.ec.service.RealLifeEmulator - buy: AnimalImpl{name='Cooper', breed='florida white', cost=10, character='pretty', litteringDegree='0'}
02:25:35.025 [main] DEBUG netcracker.ec.service.RealLifeEmulator - run away: AnimalImpl{name='John', breed='western grey', cost=86, character='brave', litteringDegree='32'}
02:25:37.025 [main] DEBUG netcracker.ec.service.RealLifeEmulator - run away: AnimalImpl{name='Yeah Boy', breed='guppie', cost=78, character='aggressive', litteringDegree='40'}
02:25:38.026 [main] DEBUG netcracker.ec.service.RealLifeEmulator - run away: AnimalImpl{name='Leny', breed='red', cost=38, character='clever', litteringDegree='62'}
02:25:40.026 [main] DEBUG netcracker.ec.service.RealLifeEmulator - run away: AnimalImpl{name='Yeah Boy', breed='eastern grey', cost=60, character='aggressive', litteringDegree='97'}
02:25:41.026 [main] DEBUG netcracker.ec.service.RealLifeEmulator - run away: AnimalImpl{name='Cooper', breed='florida white', cost=10, character='pretty', litteringDegree='0'}
02:25:42.026 [main] DEBUG netcracker.ec.service.RealLifeEmulator - sell: AnimalImpl{name='Chewy', breed='neon tetra', cost=31, character='clever', litteringDegree='14'}
02:25:45.026 [main] DEBUG netcracker.ec.service.RealLifeEmulator - buy: AnimalImpl{name='Boomer', breed='desert', cost=20, character='clever', litteringDegree='0'}
02:25:46.026 [main] DEBUG netcracker.ec.service.RealLifeEmulator - buy: AnimalImpl{name='Boomer', breed='neon tetra', cost=8, character='neat', litteringDegree='0'}
02:25:47.027 [main] DEBUG netcracker.ec.service.RealLifeEmulator - buy: AnimalImpl{name='Captain', breed='western grey', cost=69, character='pretty', litteringDegree='0'}
02:25:52.028 [main] DEBUG netcracker.ec.service.RealLifeEmulator - buy: AnimalImpl{name='ITSY-BITSY', breed='guppie', cost=46, character='pretty', litteringDegree='0'}
02:25:57.029 [main] DEBUG netcracker.ec.service.RealLifeEmulator - buy: AnimalImpl{name='Yeah Boy', breed='guppie', cost=35, character='neat', litteringDegree='0'}
02:25:58.030 [main] DEBUG netcracker.ec.service.RealLifeEmulator - buy: AnimalImpl{name='Leny', breed='angolan', cost=7, character='brave', litteringDegree='0'}
18:03:51.323 [main] DEBUG netcracker.ec.service.RealLifeEmulator - run away: AnimalImpl{name='Yeah Boy', breed='eastern grey', cost=60, character='aggressive', litteringDegree='34'}
18:03:57.435 [main] DEBUG netcracker.ec.service.RealLifeEmulator - buy: AnimalImpl{name='Blondie', breed='southern African', cost=71, character='neat', litteringDegree='0'}
18:03:58.435 [main] DEBUG netcracker.ec.service.RealLifeEmulator - buy: AnimalImpl{name='Blondie', breed='red', cost=39, character='affectionate', litteringDegree='0'}
18:04:11.436 [main] DEBUG netcracker.ec.service.RealLifeEmulator - buy: AnimalImpl{name='Cooper', breed='cherry barb', cost=65, character='aggressive', litteringDegree='0'}
18:04:12.436 [main] DEBUG netcracker.ec.service.RealLifeEmulator - buy: AnimalImpl{name='Junior', breed='eastern grey', cost=24, character='aggressive', litteringDegree='0'}
18:04:13.436 [main] DEBUG netcracker.ec.service.RealLifeEmulator - buy: AnimalImpl{name='April', breed='cherry barb', cost=61, character='pretty', litteringDegree='0'}
18:04:15.436 [main] DEBUG netcracker.ec.service.RealLifeEmulator - buy: AnimalImpl{name='Chewy', breed='neon tetra', cost=38, character='pretty', litteringDegree='0'}
18:04:17.436 [main] DEBUG netcracker.ec.service.RealLifeEmulator - run away: AnimalImpl{name='April', breed='cherry barb', cost=61, character='pretty', litteringDegree='74'}
18:04:18.436 [main] DEBUG netcracker.ec.service.RealLifeEmulator - buy: AnimalImpl{name='John', breed='holland lop', cost=84, character='stupid', litteringDegree='0'}
18:04:20.436 [main] DEBUG netcracker.ec.service.RealLifeEmulator - buy: AnimalImpl{name='Blondie', breed='american fuzzy lop', cost=10, character='neat', litteringDegree='0'}
18:04:21.436 [main] DEBUG netcracker.ec.service.RealLifeEmulator - buy: AnimalImpl{name='Junior', breed='american fuzzy lop', cost=42, character='affectionate', litteringDegree='0'}
18:04:22.436 [main] DEBUG netcracker.ec.service.RealLifeEmulator - sell: AnimalImpl{name='John', breed='holland lop', cost=84, character='stupid', litteringDegree='16'}
18:04:26.437 [main] DEBUG netcracker.ec.service.RealLifeEmulator - run away: AnimalImpl{name='Cooper', breed='cherry barb', cost=65, character='aggressive', litteringDegree='38'}
18:04:29.437 [main] DEBUG netcracker.ec.service.RealLifeEmulator - sell: AnimalImpl{name='Blondie', breed='american fuzzy lop', cost=10, character='neat', litteringDegree='42'}
18:04:31.437 [main] DEBUG netcracker.ec.service.RealLifeEmulator - buy: AnimalImpl{name='ITSY-BITSY', breed='red', cost=67, character='brave', litteringDegree='0'}
18:04:37.437 [main] DEBUG netcracker.ec.service.RealLifeEmulator - sell: AnimalImpl{name='Junior', breed='american fuzzy lop', cost=42, character='affectionate', litteringDegree='49'}
18:04:39.437 [main] DEBUG netcracker.ec.service.RealLifeEmulator - run away: AnimalImpl{name='Chewy', breed='neon tetra', cost=38, character='pretty', litteringDegree='71'}
18:04:43.441 [main] DEBUG netcracker.ec.service.RealLifeEmulator - sell: AnimalImpl{name='Blondie', breed='southern African', cost=71, character='neat', litteringDegree='89'}
19:03:23.396 [main] DEBUG netcracker.ec.service.RealLifeEmulator - run away: AnimalImpl{name='Chewy', breed='neon tetra', cost=31, character='clever', litteringDegree='25'}
19:03:24.404 [main] DEBUG netcracker.ec.service.RealLifeEmulator - buy: AnimalImpl{name='Blondie', breed='eastern grey', cost=19, character='stupid', litteringDegree='0'}
19:03:25.404 [main] DEBUG netcracker.ec.service.RealLifeEmulator - sell: AnimalImpl{name='Blondie', breed='eastern grey', cost=19, character='stupid', litteringDegree='0'}
19:03:26.404 [main] DEBUG netcracker.ec.service.RealLifeEmulator - run away: AnimalImpl{name='Yeah Boy', breed='eastern grey', cost=60, character='aggressive', litteringDegree='53'}
19:03:27.404 [main] DEBUG netcracker.ec.service.RealLifeEmulator - buy: AnimalImpl{name='Bully', breed='cherry barb', cost=80, character='brave', litteringDegree='0'}
19:03:29.404 [main] DEBUG netcracker.ec.service.RealLifeEmulator - sell: AnimalImpl{name='Bully', breed='cherry barb', cost=80, character='brave', litteringDegree='48'}
19:03:32.404 [main] DEBUG netcracker.ec.service.RealLifeEmulator - buy: AnimalImpl{name='Captain', breed='angolan', cost=38, character='pretty', litteringDegree='0'}
19:03:33.404 [main] DEBUG netcracker.ec.service.RealLifeEmulator - buy: AnimalImpl{name='John', breed='desert', cost=37, character='clever', litteringDegree='0'}
19:03:34.404 [main] DEBUG netcracker.ec.service.RealLifeEmulator - buy: AnimalImpl{name='Captain', breed='florida white', cost=84, character='neat', litteringDegree='0'}
19:03:38.405 [main] DEBUG netcracker.ec.service.RealLifeEmulator - buy: AnimalImpl{name='Blondie', breed='cherry barb', cost=94, character='pretty', litteringDegree='0'}
19:06:49.624 [main] DEBUG netcracker.ec.service.RealLifeEmulator - run away: AnimalImpl{name='Chewy', breed='neon tetra', cost=31, character='clever', litteringDegree='0'}
19:06:51.634 [main] DEBUG netcracker.ec.service.RealLifeEmulator - buy: AnimalImpl{name='Bully', breed='american fuzzy lop', cost=31, character='neat', litteringDegree='0'}
19:06:59.634 [main] DEBUG netcracker.ec.service.RealLifeEmulator - run away: AnimalImpl{name='Yeah Boy', breed='eastern grey', cost=60, character='aggressive', litteringDegree='57'}
19:07:00.634 [main] DEBUG netcracker.ec.service.RealLifeEmulator - sell: AnimalImpl{name='Yeah Boy', breed='guppie', cost=78, character='aggressive', litteringDegree='73'}
19:07:05.635 [main] DEBUG netcracker.ec.service.RealLifeEmulator - sell: AnimalImpl{name='Bully', breed='american fuzzy lop', cost=31, character='neat', litteringDegree='45'}
19:07:07.635 [main] DEBUG netcracker.ec.service.RealLifeEmulator - buy: AnimalImpl{name='Bully', breed='holland lop', cost=79, character='brave', litteringDegree='0'}
19:07:09.635 [main] DEBUG netcracker.ec.service.RealLifeEmulator - buy: AnimalImpl{name='Chewy', breed='neon tetra', cost=72, character='brave', litteringDegree='0'}
19:07:11.635 [main] DEBUG netcracker.ec.service.RealLifeEmulator - sell: AnimalImpl{name='Chewy', breed='neon tetra', cost=72, character='brave', litteringDegree='37'}
19:07:12.635 [main] DEBUG netcracker.ec.service.RealLifeEmulator - buy: AnimalImpl{name='Yeah Boy', breed='neon tetra', cost=30, character='pretty', litteringDegree='0'}
19:17:25.227 [main] DEBUG netcracker.ec.service.RealLifeEmulator - buy: AnimalImpl{name='Cooper', breed='neon tetra', cost=56, character='clever', litteringDegree='0'}
19:17:28.241 [main] DEBUG netcracker.ec.service.RealLifeEmulator - run away: AnimalImpl{name='Chewy', breed='neon tetra', cost=31, character='clever', litteringDegree='42'}
19:17:29.243 [main] DEBUG netcracker.ec.service.RealLifeEmulator - buy: AnimalImpl{name='Blondie', breed='harlequin', cost=19, character='brave', litteringDegree='0'}
19:17:31.243 [main] DEBUG netcracker.ec.service.RealLifeEmulator - run away: AnimalImpl{name='Yeah Boy', breed='guppie', cost=78, character='aggressive', litteringDegree='0'}
19:17:36.244 [main] DEBUG netcracker.ec.service.RealLifeEmulator - run away: AnimalImpl{name='Cooper', breed='neon tetra', cost=56, character='clever', litteringDegree='33'}
19:17:41.244 [main] DEBUG netcracker.ec.service.RealLifeEmulator - run away: AnimalImpl{name='Blondie', breed='harlequin', cost=19, character='brave', litteringDegree='0'}
19:17:42.244 [main] DEBUG netcracker.ec.service.RealLifeEmulator - buy: AnimalImpl{name='Chewy', breed='harlequin', cost=94, character='affectionate', litteringDegree='0'}
19:53:31.643 [main] DEBUG netcracker.ec.service.RealLifeEmulator - buy: AnimalImpl{name='Bully', breed='florida white', cost=62, character='pretty', litteringDegree='0'}
19:53:32.653 [main] DEBUG netcracker.ec.service.RealLifeEmulator - buy: AnimalImpl{name='John', breed='red', cost=32, character='brave', litteringDegree='0'}
19:53:36.654 [main] DEBUG netcracker.ec.service.RealLifeEmulator - run away: AnimalImpl{name='Yeah Boy', breed='guppie', cost=78, character='aggressive', litteringDegree='0'}
19:53:38.665 [main] DEBUG netcracker.ec.service.RealLifeEmulator - buy: AnimalImpl{name='John', breed='red', cost=26, character='stupid', litteringDegree='0'}
19:53:46.666 [main] DEBUG netcracker.ec.service.RealLifeEmulator - buy: AnimalImpl{name='Shaggy', breed='red', cost=66, character='affectionate', litteringDegree='0'}
19:53:47.666 [main] DEBUG netcracker.ec.service.RealLifeEmulator - sell: AnimalImpl{name='John', breed='red', cost=26, character='stupid', litteringDegree='100'}
19:53:49.666 [main] DEBUG netcracker.ec.service.RealLifeEmulator - sell: AnimalImpl{name='John', breed='red', cost=32, character='brave', litteringDegree='24'}
19:53:52.666 [main] DEBUG netcracker.ec.service.RealLifeEmulator - buy: AnimalImpl{name='Leny', breed='desert', cost=51, character='brave', litteringDegree='0'}
19:53:53.666 [main] DEBUG netcracker.ec.service.RealLifeEmulator - buy: AnimalImpl{name='Chewy', breed='desert', cost=94, character='stupid', litteringDegree='0'}
19:53:57.666 [main] DEBUG netcracker.ec.service.RealLifeEmulator - sell: AnimalImpl{name='Shaggy', breed='red', cost=66, character='affectionate', litteringDegree='36'}
19:53:58.666 [main] DEBUG netcracker.ec.service.RealLifeEmulator - run away: AnimalImpl{name='Chewy', breed='desert', cost=94, character='stupid', litteringDegree='24'}
19:53:59.667 [main] DEBUG netcracker.ec.service.RealLifeEmulator - buy: AnimalImpl{name='Blondie', breed='guppie', cost=16, character='pretty', litteringDegree='0'}
19:54:04.667 [main] DEBUG netcracker.ec.service.RealLifeEmulator - run away: AnimalImpl{name='Bully', breed='florida white', cost=62, character='pretty', litteringDegree='29'}
19:54:05.667 [main] DEBUG netcracker.ec.service.RealLifeEmulator - sell: AnimalImpl{name='Chewy', breed='neon tetra', cost=31, character='clever', litteringDegree='0'}
19:54:06.667 [main] DEBUG netcracker.ec.service.RealLifeEmulator - run away: AnimalImpl{name='Blondie', breed='guppie', cost=16, character='pretty', litteringDegree='0'}
19:54:07.667 [main] DEBUG netcracker.ec.service.RealLifeEmulator - sell: AnimalImpl{name='Yeah Boy', breed='eastern grey', cost=60, character='aggressive', litteringDegree='76'}
19:54:08.667 [main] DEBUG netcracker.ec.service.RealLifeEmulator - sell: AnimalImpl{name='Leny', breed='desert', cost=51, character='brave', litteringDegree='31'}
19:56:10.823 [main] DEBUG netcracker.ec.service.RealLifeEmulator - buy: AnimalImpl{name='Bully', breed='red', cost=77, character='aggressive', litteringDegree='0'}
19:56:15.828 [main] DEBUG netcracker.ec.service.RealLifeEmulator - run away: AnimalImpl{name='Bully', breed='red', cost=77, character='aggressive', litteringDegree='25'}
19:56:16.828 [main] DEBUG netcracker.ec.service.RealLifeEmulator - buy: AnimalImpl{name='Cooper', breed='florida white', cost=51, character='clever', litteringDegree='0'}
19:56:17.828 [main] DEBUG netcracker.ec.service.RealLifeEmulator - buy: AnimalImpl{name='Bully', breed='eastern grey', cost=27, character='pretty', litteringDegree='0'}
19:56:19.829 [main] DEBUG netcracker.ec.service.RealLifeEmulator - buy: AnimalImpl{name='Leny', breed='american fuzzy lop', cost=81, character='affectionate', litteringDegree='0'}
19:56:20.829 [main] DEBUG netcracker.ec.service.RealLifeEmulator - sell: AnimalImpl{name='Yeah Boy', breed='guppie', cost=78, character='aggressive', litteringDegree='0'}
19:56:22.829 [main] DEBUG netcracker.ec.service.RealLifeEmulator - run away: AnimalImpl{name='Cooper', breed='florida white', cost=51, character='clever', litteringDegree='7'}
21:26:11.246 [main] DEBUG netcracker.ec.service.RealLifeEmulator - run away: AnimalImpl{name='Yeah Boy', breed='guppie', cost=78, character='aggressive', litteringDegree='0'}
21:26:16.255 [main] DEBUG netcracker.ec.service.RealLifeEmulator - sell: AnimalImpl{name='Chewy', breed='neon tetra', cost=31, character='clever', litteringDegree='42'}
21:26:18.255 [main] DEBUG netcracker.ec.service.RealLifeEmulator - buy: AnimalImpl{name='April', breed='cherry barb', cost=75, character='neat', litteringDegree='0'}
21:26:23.256 [main] DEBUG netcracker.ec.service.RealLifeEmulator - sell: AnimalImpl{name='Yeah Boy', breed='eastern grey', cost=60, character='aggressive', litteringDegree='77'}
21:26:24.256 [main] DEBUG netcracker.ec.service.RealLifeEmulator - sell: AnimalImpl{name='April', breed='cherry barb', cost=75, character='neat', litteringDegree='30'}
21:27:10.379 [main] DEBUG netcracker.ec.service.RealLifeEmulator - sell: AnimalImpl{name='Yeah Boy', breed='guppie', cost=78, character='aggressive', litteringDegree='35'}
21:27:13.387 [main] DEBUG netcracker.ec.service.RealLifeEmulator - buy: AnimalImpl{name='Leny', breed='neon tetra', cost=68, character='pretty', litteringDegree='0'}
21:27:16.388 [main] DEBUG netcracker.ec.service.RealLifeEmulator - sell: AnimalImpl{name='Leny', breed='neon tetra', cost=68, character='pretty', litteringDegree='0'}
21:27:18.388 [main] DEBUG netcracker.ec.service.RealLifeEmulator - buy: AnimalImpl{name='Yeah Boy', breed='american fuzzy lop', cost=28, character='neat', litteringDegree='0'}
21:27:20.388 [main] DEBUG netcracker.ec.service.RealLifeEmulator - buy: AnimalImpl{name='Leny', breed='southern African', cost=98, character='brave', litteringDegree='0'}
21:27:22.388 [main] DEBUG netcracker.ec.service.RealLifeEmulator - buy: AnimalImpl{name='April', breed='neon tetra', cost=51, character='brave', litteringDegree='0'}
21:27:24.388 [main] DEBUG netcracker.ec.service.RealLifeEmulator - buy: AnimalImpl{name='Magic', breed='angolan', cost=13, character='stupid', litteringDegree='0'}
21:27:25.388 [main] DEBUG netcracker.ec.service.RealLifeEmulator - buy: AnimalImpl{name='Magic', breed='western grey', cost=95, character='brave', litteringDegree='0'}
21:27:29.388 [main] DEBUG netcracker.ec.service.RealLifeEmulator - sell: AnimalImpl{name='Chewy', breed='neon tetra', cost=31, character='clever', litteringDegree='100'}
21:27:32.390 [main] DEBUG netcracker.ec.service.RealLifeEmulator - sell: AnimalImpl{name='Yeah Boy', breed='eastern grey', cost=60, character='aggressive', litteringDegree='100'}
21:27:33.390 [main] DEBUG netcracker.ec.service.RealLifeEmulator - buy: AnimalImpl{name='Shaggy', breed='cherry barb', cost=48, character='aggressive', litteringDegree='0'}
21:27:36.390 [main] DEBUG netcracker.ec.service.RealLifeEmulator - buy: AnimalImpl{name='Blondie', breed='angolan', cost=88, character='affectionate', litteringDegree='0'}
21:27:39.401 [main] DEBUG netcracker.ec.service.RealLifeEmulator - buy: AnimalImpl{name='April', breed='angolan', cost=5, character='affectionate', litteringDegree='0'}
21:27:41.408 [main] DEBUG netcracker.ec.service.RealLifeEmulator - sell: AnimalImpl{name='April', breed='angolan', cost=5, character='affectionate', litteringDegree='81'}
21:27:43.408 [main] DEBUG netcracker.ec.service.RealLifeEmulator - sell: AnimalImpl{name='Blondie', breed='angolan', cost=88, character='affectionate', litteringDegree='100'}
21:27:44.408 [main] DEBUG netcracker.ec.service.RealLifeEmulator - run away: AnimalImpl{name='April', breed='neon tetra', cost=51, character='brave', litteringDegree='100'}
21:27:51.409 [main] DEBUG netcracker.ec.service.RealLifeEmulator - sell: AnimalImpl{name='Yeah Boy', breed='american fuzzy lop', cost=28, character='neat', litteringDegree='100'}
21:27:52.409 [main] DEBUG netcracker.ec.service.RealLifeEmulator - buy: AnimalImpl{name='Captain', breed='harlequin', cost=60, character='neat', litteringDegree='0'}
21:27:53.409 [main] DEBUG netcracker.ec.service.RealLifeEmulator - buy: AnimalImpl{name='John', breed='western grey', cost=20, character='stupid', litteringDegree='0'}
21:27:54.409 [main] DEBUG netcracker.ec.service.RealLifeEmulator - sell: AnimalImpl{name='Magic', breed='angolan', cost=13, character='stupid', litteringDegree='100'}
21:35:30.687 [main] DEBUG netcracker.ec.service.RealLifeEmulator - buy: AnimalImpl{name='Yeah Boy', breed='eastern grey', cost=56, character='clever', litteringDegree='0'}
21:35:32.715 [main] DEBUG netcracker.ec.service.RealLifeEmulator - buy: AnimalImpl{name='Shaggy', breed='guppie', cost=32, character='neat', litteringDegree='0'}
21:35:36.715 [main] DEBUG netcracker.ec.service.RealLifeEmulator - buy: AnimalImpl{name='Magic', breed='cherry barb', cost=84, character='pretty', litteringDegree='0'}
21:35:40.715 [main] DEBUG netcracker.ec.service.RealLifeEmulator - sell: AnimalImpl{name='Yeah Boy', breed='eastern grey', cost=60, character='aggressive', litteringDegree='80'}
21:35:42.716 [main] DEBUG netcracker.ec.service.RealLifeEmulator - buy: AnimalImpl{name='Chewy', breed='neon tetra', cost=78, character='aggressive', litteringDegree='0'}
21:35:43.717 [main] DEBUG netcracker.ec.service.RealLifeEmulator - buy: AnimalImpl{name='April', breed='eastern grey', cost=39, character='neat', litteringDegree='0'}
21:35:44.717 [main] DEBUG netcracker.ec.service.RealLifeEmulator - run away: AnimalImpl{name='Chewy', breed='neon tetra', cost=78, character='aggressive', litteringDegree='68'}
21:35:46.717 [main] DEBUG netcracker.ec.service.RealLifeEmulator - run away: AnimalImpl{name='Yeah Boy', breed='eastern grey', cost=56, character='clever', litteringDegree='16'}
21:35:56.717 [main] DEBUG netcracker.ec.service.RealLifeEmulator - buy: AnimalImpl{name='Captain', breed='guppie', cost=19, character='stupid', litteringDegree='0'}
21:35:57.717 [main] DEBUG netcracker.ec.service.RealLifeEmulator - sell: AnimalImpl{name='Captain', breed='guppie', cost=19, character='stupid', litteringDegree='48'}
21:36:21.313 [main] DEBUG netcracker.ec.service.RealLifeEmulator - sell: AnimalImpl{name='Yeah Boy', breed='eastern grey', cost=60, character='aggressive', litteringDegree='0'}
21:36:24.322 [main] DEBUG netcracker.ec.service.RealLifeEmulator - buy: AnimalImpl{name='ITSY-BITSY', breed='angolan', cost=94, character='stupid', litteringDegree='0'}
21:36:30.322 [main] DEBUG netcracker.ec.service.RealLifeEmulator - buy: AnimalImpl{name='Chewy', breed='eastern grey', cost=27, character='neat', litteringDegree='0'}
21:36:33.322 [main] DEBUG netcracker.ec.service.RealLifeEmulator - buy: AnimalImpl{name='Junior', breed='guppie', cost=71, character='stupid', litteringDegree='0'}
21:36:35.322 [main] DEBUG netcracker.ec.service.RealLifeEmulator - sell: AnimalImpl{name='ITSY-BITSY', breed='angolan', cost=94, character='stupid', litteringDegree='42'}
21:36:37.323 [main] DEBUG netcracker.ec.service.RealLifeEmulator - buy: AnimalImpl{name='Yeah Boy', breed='guppie', cost=39, character='affectionate', litteringDegree='0'}
21:36:39.323 [main] DEBUG netcracker.ec.service.RealLifeEmulator - buy: AnimalImpl{name='Bully', breed='harlequin', cost=20, character='brave', litteringDegree='0'}
21:36:47.323 [main] DEBUG netcracker.ec.service.RealLifeEmulator - run away: AnimalImpl{name='Chewy', breed='neon tetra', cost=31, character='clever', litteringDegree='0'}
21:36:50.323 [main] DEBUG netcracker.ec.service.RealLifeEmulator - sell: AnimalImpl{name='Bully', breed='harlequin', cost=20, character='brave', litteringDegree='10'}
21:36:53.324 [main] DEBUG netcracker.ec.service.RealLifeEmulator - sell: AnimalImpl{name='Chewy', breed='eastern grey', cost=27, character='neat', litteringDegree='100'}
21:36:54.324 [main] DEBUG netcracker.ec.service.RealLifeEmulator - buy: AnimalImpl{name='Captain', breed='angolan', cost=97, character='aggressive', litteringDegree='0'}
21:36:56.324 [main] DEBUG netcracker.ec.service.RealLifeEmulator - buy: AnimalImpl{name='Leny', breed='american fuzzy lop', cost=94, character='aggressive', litteringDegree='0'}
21:36:58.324 [main] DEBUG netcracker.ec.service.RealLifeEmulator - sell: AnimalImpl{name='Junior', breed='guppie', cost=71, character='stupid', litteringDegree='24'}
21:37:03.369 [main] DEBUG netcracker.ec.service.RealLifeEmulator - buy: AnimalImpl{name='Bully', breed='harlequin', cost=55, character='aggressive', litteringDegree='0'}
21:37:08.371 [main] DEBUG netcracker.ec.service.RealLifeEmulator - buy: AnimalImpl{name='John', breed='western grey', cost=29, character='clever', litteringDegree='0'}
21:37:13.372 [main] DEBUG netcracker.ec.service.RealLifeEmulator - sell: AnimalImpl{name='John', breed='western grey', cost=29, character='clever', litteringDegree='50'}
21:37:16.372 [main] DEBUG netcracker.ec.service.RealLifeEmulator - buy: AnimalImpl{name='Junior', breed='red', cost=36, character='brave', litteringDegree='0'}
21:37:17.372 [main] DEBUG netcracker.ec.service.RealLifeEmulator - run away: AnimalImpl{name='Junior', breed='red', cost=36, character='brave', litteringDegree='45'}
21:37:18.417 [main] DEBUG netcracker.ec.service.RealLifeEmulator - buy: AnimalImpl{name='ITSY-BITSY', breed='harlequin', cost=55, character='clever', litteringDegree='0'}
21:37:21.417 [main] DEBUG netcracker.ec.service.RealLifeEmulator - run away: AnimalImpl{name='Leny', breed='american fuzzy lop', cost=94, character='aggressive', litteringDegree='35'}
21:37:56.898 [main] DEBUG netcracker.ec.service.RealLifeEmulator - run away: AnimalImpl{name='Chewy', breed='neon tetra', cost=31, character='clever', litteringDegree='5'}
21:37:58.912 [main] DEBUG netcracker.ec.service.RealLifeEmulator - run away: AnimalImpl{name='Yeah Boy', breed='eastern grey', cost=60, character='aggressive', litteringDegree='18'}
21:38:01.912 [main] DEBUG netcracker.ec.service.RealLifeEmulator - buy: AnimalImpl{name='Shaggy', breed='guppie', cost=98, character='pretty', litteringDegree='0'}
21:38:02.912 [main] DEBUG netcracker.ec.service.RealLifeEmulator - buy: AnimalImpl{name='Junior', breed='florida white', cost=88, character='brave', litteringDegree='0'}
21:38:05.914 [main] DEBUG netcracker.ec.service.RealLifeEmulator - buy: AnimalImpl{name='Junior', breed='guppie', cost=43, character='clever', litteringDegree='0'}
21:38:08.915 [main] DEBUG netcracker.ec.service.RealLifeEmulator - run away: AnimalImpl{name='Shaggy', breed='guppie', cost=98, character='pretty', litteringDegree='0'}
21:38:10.915 [main] DEBUG netcracker.ec.service.RealLifeEmulator - buy: AnimalImpl{name='Captain', breed='neon tetra', cost=19, character='pretty', litteringDegree='0'}
21:38:12.915 [main] DEBUG netcracker.ec.service.RealLifeEmulator - sell: AnimalImpl{name='Yeah Boy', breed='guppie', cost=78, character='aggressive', litteringDegree='8'}
21:38:14.915 [main] DEBUG netcracker.ec.service.RealLifeEmulator - sell: AnimalImpl{name='Junior', breed='florida white', cost=88, character='brave', litteringDegree='52'}
21:38:16.915 [main] DEBUG netcracker.ec.service.RealLifeEmulator - run away: AnimalImpl{name='Junior', breed='guppie', cost=43, character='clever', litteringDegree='76'}
21:38:22.916 [main] DEBUG netcracker.ec.service.RealLifeEmulator - run away: AnimalImpl{name='Captain', breed='neon tetra', cost=19, character='pretty', litteringDegree='53'}
21:39:30.936 [main] DEBUG netcracker.ec.service.RealLifeEmulator - buy: AnimalImpl{name='April', breed='angolan', cost=78, character='pretty', litteringDegree='0'}
21:39:35.946 [main] DEBUG netcracker.ec.service.RealLifeEmulator - run away: AnimalImpl{name='Chewy', breed='neon tetra', cost=31, character='clever', litteringDegree='63'}
21:39:37.946 [main] DEBUG netcracker.ec.service.RealLifeEmulator - run away: AnimalImpl{name='Yeah Boy', breed='eastern grey', cost=60, character='aggressive', litteringDegree='45'}
21:39:45.962 [main] DEBUG netcracker.ec.service.RealLifeEmulator - sell: AnimalImpl{name='April', breed='angolan', cost=78, character='pretty', litteringDegree='56'}
21:39:46.962 [main] DEBUG netcracker.ec.service.RealLifeEmulator - run away: AnimalImpl{name='Yeah Boy', breed='guppie', cost=78, character='aggressive', litteringDegree='100'}
21:39:51.963 [main] DEBUG netcracker.ec.service.RealLifeEmulator - buy: AnimalImpl{name='ITSY-BITSY', breed='desert', cost=67, character='affectionate', litteringDegree='0'}
21:39:52.963 [main] DEBUG netcracker.ec.service.RealLifeEmulator - run away: AnimalImpl{name='ITSY-BITSY', breed='desert', cost=67, character='affectionate', litteringDegree='0'}
21:40:57.924 [main] DEBUG netcracker.ec.service.RealLifeEmulator - run away: AnimalImpl{name='Yeah Boy', breed='guppie', cost=78, character='aggressive', litteringDegree='25'}
21:40:58.931 [main] DEBUG netcracker.ec.service.RealLifeEmulator - sell: AnimalImpl{name='Yeah Boy', breed='eastern grey', cost=60, character='aggressive', litteringDegree='36'}
21:41:05.931 [main] DEBUG netcracker.ec.service.RealLifeEmulator - buy: AnimalImpl{name='Shaggy', breed='harlequin', cost=53, character='pretty', litteringDegree='0'}
21:41:06.931 [main] DEBUG netcracker.ec.service.RealLifeEmulator - buy: AnimalImpl{name='ITSY-BITSY', breed='red', cost=55, character='stupid', litteringDegree='0'}
21:41:07.931 [main] DEBUG netcracker.ec.service.RealLifeEmulator - run away: AnimalImpl{name='ITSY-BITSY', breed='red', cost=55, character='stupid', litteringDegree='46'}
21:45:04.200 [main] DEBUG netcracker.ec.service.RealLifeEmulator - sell: AnimalImpl{name='Shaggy', breed='harlequin', cost=53, character='pretty', litteringDegree='0'}
21:45:05.207 [main] DEBUG netcracker.ec.service.RealLifeEmulator - buy: AnimalImpl{name='Captain', breed='holland lop', cost=40, character='affectionate', litteringDegree='0'}
21:45:07.207 [main] DEBUG netcracker.ec.service.RealLifeEmulator - run away: AnimalImpl{name='Chewy', breed='neon tetra', cost=31, character='clever', litteringDegree='48'}
21:45:08.207 [main] DEBUG netcracker.ec.service.RealLifeEmulator - run away: AnimalImpl{name='Captain', breed='holland lop', cost=40, character='affectionate', litteringDegree='26'}
21:45:17.220 [main] DEBUG netcracker.ec.service.RealLifeEmulator - buy: AnimalImpl{name='Junior', breed='southern African', cost=44, character='clever', litteringDegree='0'}
21:45:18.220 [main] DEBUG netcracker.ec.service.RealLifeEmulator - run away: AnimalImpl{name='Junior', breed='southern African', cost=44, character='clever', litteringDegree='39'}
21:45:19.220 [main] DEBUG netcracker.ec.service.RealLifeEmulator - buy: AnimalImpl{name='Chewy', breed='angolan', cost=84, character='brave', litteringDegree='0'}
21:45:20.220 [main] DEBUG netcracker.ec.service.RealLifeEmulator - sell: AnimalImpl{name='Chewy', breed='angolan', cost=84, character='brave', litteringDegree='1'}
23:15:31.243 [main] DEBUG netcracker.ec.service.RealLifeEmulator - buy: AnimalImpl{name='April', breed='harlequin', cost=2, character='affectionate', litteringDegree='0'}
23:15:33.253 [main] DEBUG netcracker.ec.service.RealLifeEmulator - sell: AnimalImpl{name='April', breed='harlequin', cost=2, character='affectionate', litteringDegree='43'}
23:15:36.253 [main] DEBUG netcracker.ec.service.RealLifeEmulator - buy: AnimalImpl{name='Yeah Boy', breed='cherry barb', cost=89, character='pretty', litteringDegree='0'}
23:15:42.254 [main] DEBUG netcracker.ec.service.RealLifeEmulator - sell: AnimalImpl{name='Yeah Boy', breed='cherry barb', cost=89, character='pretty', litteringDegree='60'}
23:15:59.255 [main] DEBUG netcracker.ec.service.RealLifeEmulator - buy: AnimalImpl{name='Magic', breed='guppie', cost=2, character='pretty', litteringDegree='0'}
23:16:03.255 [main] DEBUG netcracker.ec.service.RealLifeEmulator - sell: AnimalImpl{name='Magic', breed='guppie', cost=2, character='pretty', litteringDegree='39'}
23:16:06.255 [main] DEBUG netcracker.ec.service.RealLifeEmulator - buy: AnimalImpl{name='Cooper', breed='cherry barb', cost=54, character='clever', litteringDegree='0'}
23:16:07.255 [main] DEBUG netcracker.ec.service.RealLifeEmulator - sell: AnimalImpl{name='Cooper', breed='cherry barb', cost=54, character='clever', litteringDegree='23'}
23:16:10.255 [main] DEBUG netcracker.ec.service.RealLifeEmulator - buy: AnimalImpl{name='Chewy', breed='holland lop', cost=97, character='affectionate', litteringDegree='0'}
23:16:15.256 [main] DEBUG netcracker.ec.service.RealLifeEmulator - buy: AnimalImpl{name='April', breed='southern African', cost=59, character='pretty', litteringDegree='0'}
23:16:17.256 [main] DEBUG netcracker.ec.service.RealLifeEmulator - buy: AnimalImpl{name='Chewy', breed='guppie', cost=64, character='affectionate', litteringDegree='0'}
23:16:19.256 [main] DEBUG netcracker.ec.service.RealLifeEmulator - buy: AnimalImpl{name='Magic', breed='desert', cost=56, character='brave', litteringDegree='0'}
23:16:20.256 [main] DEBUG netcracker.ec.service.RealLifeEmulator - buy: AnimalImpl{name='Cooper', breed='american fuzzy lop', cost=81, character='aggressive', litteringDegree='0'}
23:16:22.256 [main] DEBUG netcracker.ec.service.RealLifeEmulator - run away: AnimalImpl{name='Chewy', breed='guppie', cost=64, character='affectionate', litteringDegree='28'}
23:16:23.256 [main] DEBUG netcracker.ec.service.RealLifeEmulator - run away: AnimalImpl{name='Cooper', breed='american fuzzy lop', cost=81, character='aggressive', litteringDegree='48'}
23:16:24.256 [main] DEBUG netcracker.ec.service.RealLifeEmulator - buy: AnimalImpl{name='Junior', breed='western grey', cost=11, character='stupid', litteringDegree='0'}
23:16:30.257 [main] DEBUG netcracker.ec.service.RealLifeEmulator - sell: AnimalImpl{name='Junior', breed='western grey', cost=11, character='stupid', litteringDegree='40'}
23:16:41.258 [main] DEBUG netcracker.ec.service.RealLifeEmulator - sell: AnimalImpl{name='April', breed='southern African', cost=59, character='pretty', litteringDegree='26'}
23:16:42.258 [main] DEBUG netcracker.ec.service.RealLifeEmulator - sell: AnimalImpl{name='Chewy', breed='holland lop', cost=97, character='affectionate', litteringDegree='3'}
23:16:44.258 [main] DEBUG netcracker.ec.service.RealLifeEmulator - buy: AnimalImpl{name='John', breed='desert', cost=40, character='pretty', litteringDegree='0'}
23:16:46.258 [main] DEBUG netcracker.ec.service.RealLifeEmulator - sell: AnimalImpl{name='Magic', breed='desert', cost=56, character='brave', litteringDegree='38'}
23:16:47.258 [main] DEBUG netcracker.ec.service.RealLifeEmulator - buy: AnimalImpl{name='John', breed='neon tetra', cost=72, character='stupid', litteringDegree='0'}
23:16:48.258 [main] DEBUG netcracker.ec.service.RealLifeEmulator - sell: AnimalImpl{name='John', breed='neon tetra', cost=72, character='stupid', litteringDegree='0'}
23:16:51.259 [main] DEBUG netcracker.ec.service.RealLifeEmulator - buy: AnimalImpl{name='Chewy', breed='neon tetra', cost=5, character='pretty', litteringDegree='0'}
23:16:52.260 [main] DEBUG netcracker.ec.service.RealLifeEmulator - run away: AnimalImpl{name='John', breed='desert', cost=40, character='pretty', litteringDegree='22'}
23:16:53.260 [main] DEBUG netcracker.ec.service.RealLifeEmulator - buy: AnimalImpl{name='Magic', breed='western grey', cost=30, character='affectionate', litteringDegree='0'}
23:16:54.260 [main] DEBUG netcracker.ec.service.RealLifeEmulator - run away: AnimalImpl{name='Chewy', breed='neon tetra', cost=5, character='pretty', litteringDegree='25'}
23:16:55.263 [main] DEBUG netcracker.ec.service.RealLifeEmulator - sell: AnimalImpl{name='Magic', breed='western grey', cost=30, character='affectionate', litteringDegree='21'}
23:17:00.263 [main] DEBUG netcracker.ec.service.RealLifeEmulator - buy: AnimalImpl{name='Bully', breed='angolan', cost=88, character='neat', litteringDegree='0'}
23:17:02.263 [main] DEBUG netcracker.ec.service.RealLifeEmulator - buy: AnimalImpl{name='Chewy', breed='eastern grey', cost=93, character='neat', litteringDegree='0'}
23:17:03.263 [main] DEBUG netcracker.ec.service.RealLifeEmulator - run away: AnimalImpl{name='Bully', breed='angolan', cost=88, character='neat', litteringDegree='28'}
23:17:04.263 [main] DEBUG netcracker.ec.service.RealLifeEmulator - buy: AnimalImpl{name='Leny', breed='red', cost=35, character='pretty', litteringDegree='0'}
23:17:09.264 [main] DEBUG netcracker.ec.service.RealLifeEmulator - buy: AnimalImpl{name='Blondie', breed='guppie', cost=70, character='pretty', litteringDegree='0'}
23:17:10.264 [main] DEBUG netcracker.ec.service.RealLifeEmulator - run away: AnimalImpl{name='Chewy', breed='eastern grey', cost=93, character='neat', litteringDegree='50'}
23:17:11.264 [main] DEBUG netcracker.ec.service.RealLifeEmulator - sell: AnimalImpl{name='Blondie', breed='guppie', cost=70, character='pretty', litteringDegree='28'}
23:17:16.264 [main] DEBUG netcracker.ec.service.RealLifeEmulator - sell: AnimalImpl{name='Leny', breed='red', cost=35, character='pretty', litteringDegree='49'}
23:17:18.264 [main] DEBUG netcracker.ec.service.RealLifeEmulator - buy: AnimalImpl{name='Junior', breed='desert', cost=40, character='brave', litteringDegree='0'}
23:17:22.264 [main] DEBUG netcracker.ec.service.RealLifeEmulator - run away: AnimalImpl{name='Junior', breed='desert', cost=40, character='brave', litteringDegree='56'}
23:17:27.265 [main] DEBUG netcracker.ec.service.RealLifeEmulator - buy: AnimalImpl{name='Junior', breed='american fuzzy lop', cost=66, character='affectionate', litteringDegree='0'}
23:17:28.265 [main] DEBUG netcracker.ec.service.RealLifeEmulator - buy: AnimalImpl{name='Junior', breed='harlequin', cost=3, character='pretty', litteringDegree='0'}
23:17:30.265 [main] DEBUG netcracker.ec.service.RealLifeEmulator - sell: AnimalImpl{name='Junior', breed='harlequin', cost=3, character='pretty', litteringDegree='39'}
23:17:33.265 [main] DEBUG netcracker.ec.service.RealLifeEmulator - sell: AnimalImpl{name='Junior', breed='american fuzzy lop', cost=66, character='affectionate', litteringDegree='42'}
23:17:34.265 [main] DEBUG netcracker.ec.service.RealLifeEmulator - buy: AnimalImpl{name='Shaggy', breed='guppie', cost=97, character='stupid', litteringDegree='0'}
23:17:35.265 [main] DEBUG netcracker.ec.service.RealLifeEmulator - buy: AnimalImpl{name='Magic', breed='red', cost=14, character='brave', litteringDegree='0'}
23:17:39.272 [main] DEBUG netcracker.ec.service.RealLifeEmulator - buy: AnimalImpl{name='Magic', breed='angolan', cost=73, character='clever', litteringDegree='0'}
23:17:40.272 [main] DEBUG netcracker.ec.service.RealLifeEmulator - buy: AnimalImpl{name='Chewy', breed='american fuzzy lop', cost=45, character='clever', litteringDegree='0'}
23:17:49.273 [main] DEBUG netcracker.ec.service.RealLifeEmulator - run away: AnimalImpl{name='Shaggy', breed='guppie', cost=97, character='stupid', litteringDegree='27'}
23:17:55.273 [main] DEBUG netcracker.ec.service.RealLifeEmulator - sell: AnimalImpl{name='Magic', breed='angolan', cost=73, character='clever', litteringDegree='72'}
23:17:58.273 [main] DEBUG netcracker.ec.service.RealLifeEmulator - sell: AnimalImpl{name='Magic', breed='red', cost=14, character='brave', litteringDegree='99'}
23:18:02.274 [main] DEBUG netcracker.ec.service.RealLifeEmulator - sell: AnimalImpl{name='Chewy', breed='american fuzzy lop', cost=45, character='clever', litteringDegree='74'}
23:18:06.274 [main] DEBUG netcracker.ec.service.RealLifeEmulator - buy: AnimalImpl{name='Magic', breed='harlequin', cost=29, character='aggressive', litteringDegree='0'}
23:18:07.275 [main] DEBUG netcracker.ec.service.RealLifeEmulator - run away: AnimalImpl{name='Magic', breed='harlequin', cost=29, character='aggressive', litteringDegree='36'}
23:18:13.275 [main] DEBUG netcracker.ec.service.RealLifeEmulator - buy: AnimalImpl{name='Junior', breed='neon tetra', cost=20, character='neat', litteringDegree='0'}
23:18:23.276 [main] DEBUG netcracker.ec.service.RealLifeEmulator - buy: AnimalImpl{name='Cooper', breed='harlequin', cost=31, character='pretty', litteringDegree='0'}
23:18:26.276 [main] DEBUG netcracker.ec.service.RealLifeEmulator - buy: AnimalImpl{name='Leny', breed='eastern grey', cost=7, character='brave', litteringDegree='0'}
23:18:27.276 [main] DEBUG netcracker.ec.service.RealLifeEmulator - buy: AnimalImpl{name='Boomer', breed='american fuzzy lop', cost=65, character='stupid', litteringDegree='0'}
23:18:28.276 [main] DEBUG netcracker.ec.service.RealLifeEmulator - buy: AnimalImpl{name='Yeah Boy', breed='desert', cost=94, character='clever', litteringDegree='0'}
23:18:29.276 [main] DEBUG netcracker.ec.service.RealLifeEmulator - buy: AnimalImpl{name='Blondie', breed='holland lop', cost=98, character='brave', litteringDegree='0'}
23:18:32.276 [main] DEBUG netcracker.ec.service.RealLifeEmulator - buy: AnimalImpl{name='April', breed='guppie', cost=72, character='neat', litteringDegree='0'}
23:18:33.276 [main] DEBUG netcracker.ec.service.RealLifeEmulator - run away: AnimalImpl{name='Boomer', breed='american fuzzy lop', cost=65, character='stupid', litteringDegree='37'}
23:18:37.277 [main] DEBUG netcracker.ec.service.RealLifeEmulator - sell: AnimalImpl{name='Cooper', breed='harlequin', cost=31, character='pretty', litteringDegree='67'}
23:18:39.369 [main] DEBUG netcracker.ec.service.RealLifeEmulator - sell: AnimalImpl{name='Leny', breed='eastern grey', cost=7, character='brave', litteringDegree='34'}
23:30:20.602 [main] DEBUG netcracker.ec.service.RealLifeEmulator - buy: AnimalImpl{name='Blondie', breed='angolan', cost=99, character='aggressive', litteringDegree='0'}
23:30:21.611 [main] DEBUG netcracker.ec.service.RealLifeEmulator - sell: AnimalImpl{name='Junior', breed='neon tetra', cost=20, character='neat', litteringDegree='50'}
23:30:23.611 [main] DEBUG netcracker.ec.service.RealLifeEmulator - run away: AnimalImpl{name='Yeah Boy', breed='desert', cost=94, character='clever', litteringDegree='26'}
23:30:24.611 [main] DEBUG netcracker.ec.service.RealLifeEmulator - buy: AnimalImpl{name='Blondie', breed='guppie', cost=97, character='affectionate', litteringDegree='0'}
23:30:28.611 [main] DEBUG netcracker.ec.service.RealLifeEmulator - sell: AnimalImpl{name='Blondie', breed='guppie', cost=97, character='affectionate', litteringDegree='53'}
23:30:29.611 [main] DEBUG netcracker.ec.service.RealLifeEmulator - run away: AnimalImpl{name='Cooper', breed='harlequin', cost=31, character='pretty', litteringDegree='20'}
23:30:31.611 [main] DEBUG netcracker.ec.service.RealLifeEmulator - run away: AnimalImpl{name='Blondie', breed='angolan', cost=99, character='aggressive', litteringDegree='64'}
23:30:32.612 [main] DEBUG netcracker.ec.service.RealLifeEmulator - buy: AnimalImpl{name='Junior', breed='southern African', cost=54, character='aggressive', litteringDegree='0'}
23:30:38.612 [main] DEBUG netcracker.ec.service.RealLifeEmulator - buy: AnimalImpl{name='Boomer', breed='harlequin', cost=70, character='stupid', litteringDegree='0'}
23:30:47.618 [main] DEBUG netcracker.ec.service.RealLifeEmulator - buy: AnimalImpl{name='Chewy', breed='angolan', cost=36, character='stupid', litteringDegree='0'}
23:30:49.619 [main] DEBUG netcracker.ec.service.RealLifeEmulator - run away: AnimalImpl{name='Leny', breed='eastern grey', cost=7, character='brave', litteringDegree='40'}
23:30:50.619 [main] DEBUG netcracker.ec.service.RealLifeEmulator - run away: AnimalImpl{name='Blondie', breed='holland lop', cost=98, character='brave', litteringDegree='53'}
23:30:57.619 [main] DEBUG netcracker.ec.service.RealLifeEmulator - sell: AnimalImpl{name='April', breed='guppie', cost=72, character='neat', litteringDegree='92'}
23:31:00.619 [main] DEBUG netcracker.ec.service.RealLifeEmulator - buy: AnimalImpl{name='John', breed='eastern grey', cost=71, character='brave', litteringDegree='0'}
23:31:02.619 [main] DEBUG netcracker.ec.service.RealLifeEmulator - buy: AnimalImpl{name='Captain', breed='western grey', cost=66, character='clever', litteringDegree='0'}
23:31:06.619 [main] DEBUG netcracker.ec.service.RealLifeEmulator - run away: AnimalImpl{name='Captain', breed='western grey', cost=66, character='clever', litteringDegree='46'}
23:31:07.621 [main] DEBUG netcracker.ec.service.RealLifeEmulator - sell: AnimalImpl{name='John', breed='eastern grey', cost=71, character='brave', litteringDegree='28'}
23:31:08.622 [main] DEBUG netcracker.ec.service.RealLifeEmulator - run away: AnimalImpl{name='Junior', breed='southern African', cost=54, character='aggressive', litteringDegree='92'}
23:31:09.622 [main] DEBUG netcracker.ec.service.RealLifeEmulator - sell: AnimalImpl{name='Boomer', breed='harlequin', cost=70, character='stupid', litteringDegree='44'}
23:31:10.622 [main] DEBUG netcracker.ec.service.RealLifeEmulator - sell: AnimalImpl{name='Chewy', breed='angolan', cost=36, character='stupid', litteringDegree='89'}
23:31:12.622 [main] DEBUG netcracker.ec.service.RealLifeEmulator - buy: AnimalImpl{name='Blondie', breed='neon tetra', cost=23, character='affectionate', litteringDegree='0'}
23:31:13.622 [main] DEBUG netcracker.ec.service.RealLifeEmulator - sell: AnimalImpl{name='Blondie', breed='neon tetra', cost=23, character='affectionate', litteringDegree='43'}
23:31:15.622 [main] DEBUG netcracker.ec.service.RealLifeEmulator - buy: AnimalImpl{name='Boomer', breed='angolan', cost=46, character='clever', litteringDegree='0'}
23:31:18.622 [main] DEBUG netcracker.ec.service.RealLifeEmulator - run away: AnimalImpl{name='Boomer', breed='angolan', cost=46, character='clever', litteringDegree='21'}
23:31:24.626 [main] DEBUG netcracker.ec.service.RealLifeEmulator - buy: AnimalImpl{name='April', breed='holland lop', cost=76, character='aggressive', litteringDegree='0'}
23:31:27.626 [main] DEBUG netcracker.ec.service.RealLifeEmulator - sell: AnimalImpl{name='April', breed='holland lop', cost=76, character='aggressive', litteringDegree='25'}
23:31:33.626 [main] DEBUG netcracker.ec.service.RealLifeEmulator - buy: AnimalImpl{name='April', breed='western grey', cost=68, character='neat', litteringDegree='0'}
23:31:34.626 [main] DEBUG netcracker.ec.service.RealLifeEmulator - buy: AnimalImpl{name='Boomer', breed='desert', cost=46, character='pretty', litteringDegree='0'}
23:31:35.626 [main] DEBUG netcracker.ec.service.RealLifeEmulator - sell: AnimalImpl{name='Boomer', breed='desert', cost=46, character='pretty', litteringDegree='39'}
23:31:36.626 [main] DEBUG netcracker.ec.service.RealLifeEmulator - buy: AnimalImpl{name='Leny', breed='desert', cost=9, character='brave', litteringDegree='0'}
23:31:37.626 [main] DEBUG netcracker.ec.service.RealLifeEmulator - buy: AnimalImpl{name='Bully', breed='red', cost=12, character='aggressive', litteringDegree='0'}
23:31:41.626 [main] DEBUG netcracker.ec.service.RealLifeEmulator - buy: AnimalImpl{name='Boomer', breed='red', cost=96, character='pretty', litteringDegree='0'}
23:31:42.627 [main] DEBUG netcracker.ec.service.RealLifeEmulator - sell: AnimalImpl{name='Leny', breed='desert', cost=9, character='brave', litteringDegree='48'}
23:31:43.627 [main] DEBUG netcracker.ec.service.RealLifeEmulator - buy: AnimalImpl{name='April', breed='angolan', cost=72, character='brave', litteringDegree='0'}
23:31:45.627 [main] DEBUG netcracker.ec.service.RealLifeEmulator - buy: AnimalImpl{name='Shaggy', breed='holland lop', cost=49, character='aggressive', litteringDegree='0'}
23:31:46.627 [main] DEBUG netcracker.ec.service.RealLifeEmulator - sell: AnimalImpl{name='April', breed='angolan', cost=72, character='brave', litteringDegree='53'}
23:31:47.627 [main] DEBUG netcracker.ec.service.RealLifeEmulator - buy: AnimalImpl{name='Boomer', breed='neon tetra', cost=70, character='affectionate', litteringDegree='0'}
23:31:51.627 [main] DEBUG netcracker.ec.service.RealLifeEmulator - sell: AnimalImpl{name='Boomer', breed='red', cost=96, character='pretty', litteringDegree='34'}
23:31:52.628 [main] DEBUG netcracker.ec.service.RealLifeEmulator - sell: AnimalImpl{name='Bully', breed='red', cost=12, character='aggressive', litteringDegree='55'}
23:31:53.628 [main] DEBUG netcracker.ec.service.RealLifeEmulator - buy: AnimalImpl{name='Blondie', breed='desert', cost=95, character='brave', litteringDegree='0'}
23:31:55.628 [main] DEBUG netcracker.ec.service.RealLifeEmulator - buy: AnimalImpl{name='ITSY-BITSY', breed='harlequin', cost=8, character='neat', litteringDegree='0'}
23:32:00.629 [main] DEBUG netcracker.ec.service.RealLifeEmulator - buy: AnimalImpl{name='Blondie', breed='harlequin', cost=96, character='neat', litteringDegree='0'}
23:32:01.629 [main] DEBUG netcracker.ec.service.RealLifeEmulator - buy: AnimalImpl{name='Blondie', breed='neon tetra', cost=5, character='aggressive', litteringDegree='0'}
23:32:04.694 [main] DEBUG netcracker.ec.service.RealLifeEmulator - sell: AnimalImpl{name='Shaggy', breed='holland lop', cost=49, character='aggressive', litteringDegree='44'}
23:32:05.694 [main] DEBUG netcracker.ec.service.RealLifeEmulator - buy: AnimalImpl{name='Chewy', breed='red', cost=21, character='aggressive', litteringDegree='0'}
23:32:06.694 [main] DEBUG netcracker.ec.service.RealLifeEmulator - run away: AnimalImpl{name='Blondie', breed='neon tetra', cost=5, character='aggressive', litteringDegree='25'}
23:32:07.694 [main] DEBUG netcracker.ec.service.RealLifeEmulator - buy: AnimalImpl{name='Leny', breed='angolan', cost=81, character='stupid', litteringDegree='0'}
23:32:08.694 [main] DEBUG netcracker.ec.service.RealLifeEmulator - run away: AnimalImpl{name='Boomer', breed='neon tetra', cost=70, character='affectionate', litteringDegree='42'}
23:32:09.694 [main] DEBUG netcracker.ec.service.RealLifeEmulator - sell: AnimalImpl{name='ITSY-BITSY', breed='harlequin', cost=8, character='neat', litteringDegree='0'}
00:16:06.947 [main] DEBUG netcracker.ec.service.RealLifeEmulator - buy: AnimalImpl{name='Chewy', breed='western grey', cost=61, character='affectionate', litteringDegree='0'}
00:16:32.957 [main] DEBUG netcracker.ec.service.RealLifeEmulator - buy: AnimalImpl{name='John', breed='western grey', cost=95, character='affectionate', litteringDegree='0'}
00:16:34.958 [main] DEBUG netcracker.ec.service.RealLifeEmulator - buy: AnimalImpl{name='Captain', breed='red', cost=95, character='affectionate', litteringDegree='0'}
00:16:35.958 [main] DEBUG netcracker.ec.service.RealLifeEmulator - buy: AnimalImpl{name='Yeah Boy', breed='eastern grey', cost=24, character='brave', litteringDegree='0'}
00:16:36.958 [main] DEBUG netcracker.ec.service.RealLifeEmulator - buy: AnimalImpl{name='Cooper', breed='florida white', cost=31, character='aggressive', litteringDegree='0'}
00:16:40.958 [main] DEBUG netcracker.ec.service.RealLifeEmulator - buy: AnimalImpl{name='Captain', breed='angolan', cost=54, character='affectionate', litteringDegree='0'}
00:16:54.959 [main] DEBUG netcracker.ec.service.RealLifeEmulator - buy: AnimalImpl{name='Boomer', breed='holland lop', cost=64, character='brave', litteringDegree='0'}
01:48:37.833 [main] DEBUG netcracker.ec.service.RealLifeEmulator - buy: AnimalImpl{name='Blondie', breed='holland lop', cost=51, character='clever', litteringDegree='0'}
01:48:39.870 [main] DEBUG netcracker.ec.service.RealLifeEmulator - buy: AnimalImpl{name='Bully', breed='angolan', cost=54, character='clever', litteringDegree='0'}
01:48:40.870 [main] DEBUG netcracker.ec.service.RealLifeEmulator - sell: AnimalImpl{name='Blondie', breed='holland lop', cost=51, character='clever', litteringDegree='0'}
01:48:42.870 [main] DEBUG netcracker.ec.service.RealLifeEmulator - buy: AnimalImpl{name='Yeah Boy', breed='holland lop', cost=90, character='stupid', litteringDegree='0'}
01:48:44.871 [main] DEBUG netcracker.ec.service.RealLifeEmulator - run away: AnimalImpl{name='Yeah Boy', breed='holland lop', cost=90, character='stupid', litteringDegree='0'}
01:48:47.871 [main] DEBUG netcracker.ec.service.RealLifeEmulator - buy: AnimalImpl{name='Yeah Boy', breed='neon tetra', cost=99, character='affectionate', litteringDegree='0'}
01:48:48.871 [main] DEBUG netcracker.ec.service.RealLifeEmulator - run away: AnimalImpl{name='Bully', breed='angolan', cost=54, character='clever', litteringDegree='0'}
01:49:33.362 [main] DEBUG netcracker.ec.service.RealLifeEmulator - buy: AnimalImpl{name='Blondie', breed='angolan', cost=65, character='brave', litteringDegree='0'}
01:49:39.373 [main] DEBUG netcracker.ec.service.RealLifeEmulator - buy: AnimalImpl{name='Leny', breed='angolan', cost=16, character='neat', litteringDegree='0'}
01:49:41.373 [main] DEBUG netcracker.ec.service.RealLifeEmulator - sell: AnimalImpl{name='Leny', breed='angolan', cost=16, character='neat', litteringDegree='0'}
01:49:43.373 [main] DEBUG netcracker.ec.service.RealLifeEmulator - buy: AnimalImpl{name='Bully', breed='southern African', cost=63, character='neat', litteringDegree='0'}
01:49:44.373 [main] DEBUG netcracker.ec.service.RealLifeEmulator - buy: AnimalImpl{name='Blondie', breed='red', cost=58, character='aggressive', litteringDegree='0'}
01:49:45.373 [main] DEBUG netcracker.ec.service.RealLifeEmulator - run away: AnimalImpl{name='Bully', breed='southern African', cost=63, character='neat', litteringDegree='0'}
01:49:47.373 [main] DEBUG netcracker.ec.service.RealLifeEmulator - run away: AnimalImpl{name='Blondie', breed='angolan', cost=65, character='brave', litteringDegree='0'}
01:49:48.373 [main] DEBUG netcracker.ec.service.RealLifeEmulator - run away: AnimalImpl{name='Blondie', breed='red', cost=58, character='aggressive', litteringDegree='0'}
02:01:26.311 [main] DEBUG netcracker.ec.service.RealLifeEmulator - buy: AnimalImpl{name='Chewy', breed='cherry barb', cost=69, character='stupid', litteringDegree='0'}
02:01:29.429 [main] DEBUG netcracker.ec.service.RealLifeEmulator - run away: AnimalImpl{name='Chewy', breed='cherry barb', cost=69, character='stupid', litteringDegree='0'}
02:01:35.430 [main] DEBUG netcracker.ec.service.RealLifeEmulator - buy: AnimalImpl{name='Chewy', breed='angolan', cost=35, character='brave', litteringDegree='0'}
02:01:41.431 [main] DEBUG netcracker.ec.service.RealLifeEmulator - sell: AnimalImpl{name='Chewy', breed='angolan', cost=35, character='brave', litteringDegree='0'}
02:01:50.431 [main] DEBUG netcracker.ec.service.RealLifeEmulator - buy: AnimalImpl{name='April', breed='american fuzzy lop', cost=20, character='neat', litteringDegree='0'}
02:01:51.432 [main] DEBUG netcracker.ec.service.RealLifeEmulator - buy: AnimalImpl{name='Captain', breed='neon tetra', cost=34, character='affectionate', litteringDegree='0'}
02:01:54.432 [main] DEBUG netcracker.ec.service.RealLifeEmulator - run away: AnimalImpl{name='Captain', breed='neon tetra', cost=34, character='affectionate', litteringDegree='0'}
02:02:04.432 [main] DEBUG netcracker.ec.service.RealLifeEmulator - buy: AnimalImpl{name='Cooper', breed='western grey', cost=82, character='affectionate', litteringDegree='0'}
02:02:05.432 [main] DEBUG netcracker.ec.service.RealLifeEmulator - buy: AnimalImpl{name='John', breed='red', cost=5, character='aggressive', litteringDegree='0'}
02:02:06.432 [main] DEBUG netcracker.ec.service.RealLifeEmulator - sell: AnimalImpl{name='April', breed='american fuzzy lop', cost=20, character='neat', litteringDegree='0'}
02:02:08.432 [main] DEBUG netcracker.ec.service.RealLifeEmulator - run away: AnimalImpl{name='John', breed='red', cost=5, character='aggressive', litteringDegree='0'}
02:02:12.454 [main] DEBUG netcracker.ec.service.RealLifeEmulator - sell: AnimalImpl{name='Cooper', breed='western grey', cost=82, character='affectionate', litteringDegree='0'}
02:02:17.551 [main] DEBUG netcracker.ec.service.RealLifeEmulator - buy: AnimalImpl{name='Yeah Boy', breed='western grey', cost=85, character='affectionate', litteringDegree='0'}
02:02:19.551 [main] DEBUG netcracker.ec.service.RealLifeEmulator - buy: AnimalImpl{name='Cooper', breed='guppie', cost=56, character='affectionate', litteringDegree='0'}
02:02:22.551 [main] DEBUG netcracker.ec.service.RealLifeEmulator - run away: AnimalImpl{name='Cooper', breed='guppie', cost=56, character='affectionate', litteringDegree='0'}
02:03:11.557 [main] DEBUG netcracker.ec.service.RealLifeEmulator - buy: AnimalImpl{name='Junior', breed='southern African', cost=89, character='affectionate', litteringDegree='0'}
02:03:15.566 [main] DEBUG netcracker.ec.service.RealLifeEmulator - buy: AnimalImpl{name='John', breed='harlequin', cost=44, character='affectionate', litteringDegree='0'}
02:03:16.579 [main] DEBUG netcracker.ec.service.RealLifeEmulator - buy: AnimalImpl{name='Leny', breed='guppie', cost=97, character='neat', litteringDegree='0'}
02:03:17.580 [main] DEBUG netcracker.ec.service.RealLifeEmulator - buy: AnimalImpl{name='Leny', breed='western grey', cost=99, character='aggressive', litteringDegree='0'}
02:03:18.580 [main] DEBUG netcracker.ec.service.RealLifeEmulator - buy: AnimalImpl{name='Boomer', breed='harlequin', cost=38, character='affectionate', litteringDegree='0'}
02:03:21.581 [main] DEBUG netcracker.ec.service.RealLifeEmulator - buy: AnimalImpl{name='Bully', breed='holland lop', cost=17, character='affectionate', litteringDegree='0'}
02:03:24.581 [main] DEBUG netcracker.ec.service.RealLifeEmulator - run away: AnimalImpl{name='Leny', breed='western grey', cost=99, character='aggressive', litteringDegree='0'}
02:03:28.581 [main] DEBUG netcracker.ec.service.RealLifeEmulator - buy: AnimalImpl{name='April', breed='florida white', cost=34, character='stupid', litteringDegree='0'}
02:03:30.581 [main] DEBUG netcracker.ec.service.RealLifeEmulator - run away: AnimalImpl{name='Leny', breed='guppie', cost=97, character='neat', litteringDegree='0'}
02:03:31.581 [main] DEBUG netcracker.ec.service.RealLifeEmulator - buy: AnimalImpl{name='Blondie', breed='neon tetra', cost=99, character='stupid', litteringDegree='0'}
02:05:19.034 [main] DEBUG netcracker.ec.service.RealLifeEmulator - buy: AnimalImpl{name='Shaggy', breed='western grey', cost=72, character='stupid', litteringDegree='0'}
02:05:20.042 [main] DEBUG netcracker.ec.service.RealLifeEmulator - run away: AnimalImpl{name='Shaggy', breed='western grey', cost=72, character='stupid', litteringDegree='0'}
02:05:22.043 [main] DEBUG netcracker.ec.service.RealLifeEmulator - buy: AnimalImpl{name='Yeah Boy', breed='southern African', cost=6, character='affectionate', litteringDegree='0'}
02:05:57.530 [main] DEBUG netcracker.ec.service.RealLifeEmulator - buy: AnimalImpl{name='Junior', breed='holland lop', cost=37, character='clever', litteringDegree='0'}
02:06:47.086 [main] DEBUG netcracker.ec.service.RealLifeEmulator - buy: AnimalImpl{name='Cooper', breed='harlequin', cost=19, character='pretty', litteringDegree='0'}
02:06:49.097 [main] DEBUG netcracker.ec.service.RealLifeEmulator - buy: AnimalImpl{name='Leny', breed='guppie', cost=74, character='brave', litteringDegree='0'}
02:06:51.097 [main] DEBUG netcracker.ec.service.RealLifeEmulator - sell: AnimalImpl{name='Leny', breed='guppie', cost=74, character='brave', litteringDegree='0'}
02:06:57.097 [main] DEBUG netcracker.ec.service.RealLifeEmulator - run away: AnimalImpl{name='Cooper', breed='harlequin', cost=19, character='pretty', litteringDegree='0'}
02:07:12.098 [main] DEBUG netcracker.ec.service.RealLifeEmulator - buy: AnimalImpl{name='Magic', breed='southern African', cost=46, character='brave', litteringDegree='0'}
02:07:14.098 [main] DEBUG netcracker.ec.service.RealLifeEmulator - buy: AnimalImpl{name='Leny', breed='american fuzzy lop', cost=62, character='stupid', litteringDegree='0'}
02:07:17.098 [main] DEBUG netcracker.ec.service.RealLifeEmulator - buy: AnimalImpl{name='Cooper', breed='cherry barb', cost=59, character='neat', litteringDegree='0'}
02:07:18.098 [main] DEBUG netcracker.ec.service.RealLifeEmulator - run away: AnimalImpl{name='Magic', breed='southern African', cost=46, character='brave', litteringDegree='0'}
02:07:19.098 [main] DEBUG netcracker.ec.service.RealLifeEmulator - buy: AnimalImpl{name='Blondie', breed='angolan', cost=43, character='pretty', litteringDegree='0'}
02:07:20.098 [main] DEBUG netcracker.ec.service.RealLifeEmulator - run away: AnimalImpl{name='Cooper', breed='cherry barb', cost=59, character='neat', litteringDegree='0'}
02:07:22.105 [main] DEBUG netcracker.ec.service.RealLifeEmulator - sell: AnimalImpl{name='Leny', breed='american fuzzy lop', cost=62, character='stupid', litteringDegree='0'}
02:07:24.106 [main] DEBUG netcracker.ec.service.RealLifeEmulator - buy: AnimalImpl{name='ITSY-BITSY', breed='neon tetra', cost=94, character='brave', litteringDegree='0'}
02:07:25.106 [main] DEBUG netcracker.ec.service.RealLifeEmulator - sell: AnimalImpl{name='Blondie', breed='angolan', cost=43, character='pretty', litteringDegree='0'}
02:07:26.106 [main] DEBUG netcracker.ec.service.RealLifeEmulator - sell: AnimalImpl{name='ITSY-BITSY', breed='neon tetra', cost=94, character='brave', litteringDegree='0'}
02:07:29.106 [main] DEBUG netcracker.ec.service.RealLifeEmulator - buy: AnimalImpl{name='Leny', breed='western grey', cost=18, character='pretty', litteringDegree='0'}
02:07:33.106 [main] DEBUG netcracker.ec.service.RealLifeEmulator - buy: AnimalImpl{name='Yeah Boy', breed='neon tetra', cost=10, character='clever', litteringDegree='0'}
02:07:36.106 [main] DEBUG netcracker.ec.service.RealLifeEmulator - sell: AnimalImpl{name='Leny', breed='western grey', cost=18, character='pretty', litteringDegree='0'}
02:07:37.106 [main] DEBUG netcracker.ec.service.RealLifeEmulator - buy: AnimalImpl{name='Cooper', breed='southern African', cost=11, character='stupid', litteringDegree='0'}
02:07:40.106 [main] DEBUG netcracker.ec.service.RealLifeEmulator - sell: AnimalImpl{name='Cooper', breed='southern African', cost=11, character='stupid', litteringDegree='0'}
02:07:41.107 [main] DEBUG netcracker.ec.service.RealLifeEmulator - run away: AnimalImpl{name='Yeah Boy', breed='neon tetra', cost=10, character='clever', litteringDegree='0'}
02:07:45.107 [main] DEBUG netcracker.ec.service.RealLifeEmulator - buy: AnimalImpl{name='Chewy', breed='holland lop', cost=59, character='clever', litteringDegree='0'}
02:07:46.107 [main] DEBUG netcracker.ec.service.RealLifeEmulator - sell: AnimalImpl{name='Chewy', breed='holland lop', cost=59, character='clever', litteringDegree='0'}
02:07:47.107 [main] DEBUG netcracker.ec.service.RealLifeEmulator - buy: AnimalImpl{name='Yeah Boy', breed='western grey', cost=60, character='stupid', litteringDegree='0'}
02:07:48.107 [main] DEBUG netcracker.ec.service.RealLifeEmulator - buy: AnimalImpl{name='Cooper', breed='eastern grey', cost=60, character='neat', litteringDegree='0'}
02:07:49.107 [main] DEBUG netcracker.ec.service.RealLifeEmulator - sell: AnimalImpl{name='Cooper', breed='eastern grey', cost=60, character='neat', litteringDegree='0'}
02:07:50.107 [main] DEBUG netcracker.ec.service.RealLifeEmulator - buy: AnimalImpl{name='John', breed='florida white', cost=36, character='clever', litteringDegree='0'}
02:07:52.108 [main] DEBUG netcracker.ec.service.RealLifeEmulator - sell: AnimalImpl{name='John', breed='florida white', cost=36, character='clever', litteringDegree='0'}
02:07:53.108 [main] DEBUG netcracker.ec.service.RealLifeEmulator - sell: AnimalImpl{name='Yeah Boy', breed='western grey', cost=60, character='stupid', litteringDegree='0'}
02:08:03.109 [main] DEBUG netcracker.ec.service.RealLifeEmulator - buy: AnimalImpl{name='April', breed='neon tetra', cost=81, character='neat', litteringDegree='0'}
02:09:41.308 [main] DEBUG netcracker.ec.service.RealLifeEmulator - buy: AnimalImpl{name='Magic', breed='eastern grey', cost=46, character='affectionate', litteringDegree='0'}
02:09:42.317 [main] DEBUG netcracker.ec.service.RealLifeEmulator - sell: AnimalImpl{name='Magic', breed='eastern grey', cost=46, character='affectionate', litteringDegree='0'}
02:09:43.318 [main] DEBUG netcracker.ec.service.RealLifeEmulator - buy: AnimalImpl{name='April', breed='angolan', cost=7, character='clever', litteringDegree='0'}
02:09:44.318 [main] DEBUG netcracker.ec.service.RealLifeEmulator - sell: AnimalImpl{name='April', breed='angolan', cost=7, character='clever', litteringDegree='0'}
02:09:45.318 [main] DEBUG netcracker.ec.service.RealLifeEmulator - buy: AnimalImpl{name='Captain', breed='eastern grey', cost=59, character='brave', litteringDegree='0'}
02:09:50.318 [main] DEBUG netcracker.ec.service.RealLifeEmulator - sell: AnimalImpl{name='Captain', breed='eastern grey', cost=59, character='brave', litteringDegree='0'}
02:09:54.318 [main] DEBUG netcracker.ec.service.RealLifeEmulator - buy: AnimalImpl{name='April', breed='neon tetra', cost=35, character='brave', litteringDegree='0'}
02:09:56.318 [main] DEBUG netcracker.ec.service.RealLifeEmulator - run away: AnimalImpl{name='April', breed='neon tetra', cost=35, character='brave', litteringDegree='0'}
02:10:00.318 [main] DEBUG netcracker.ec.service.RealLifeEmulator - buy: AnimalImpl{name='ITSY-BITSY', breed='desert', cost=27, character='aggressive', litteringDegree='0'}
02:10:02.319 [main] DEBUG netcracker.ec.service.RealLifeEmulator - run away: AnimalImpl{name='ITSY-BITSY', breed='desert', cost=27, character='aggressive', litteringDegree='0'}
02:10:05.319 [main] DEBUG netcracker.ec.service.RealLifeEmulator - buy: AnimalImpl{name='April', breed='holland lop', cost=63, character='clever', litteringDegree='0'}
02:10:08.319 [main] DEBUG netcracker.ec.service.RealLifeEmulator - buy: AnimalImpl{name='Blondie', breed='angolan', cost=25, character='aggressive', litteringDegree='0'}
